<?xml version="1.0" encoding="UTF-8"?>
<testng-results ignored="0" total="1" passed="1" failed="0" skipped="0">
  <reporter-output>
  </reporter-output>
  <suite started-at="2026-01-15T18:45:17 IST" name="Default suite" finished-at="2026-01-15T18:46:18 IST" duration-ms="60696">
    <groups>
    </groups>
    <test started-at="2026-01-15T18:45:17 IST" name="Default test" finished-at="2026-01-15T18:46:18 IST" duration-ms="60696">
      <class name="testpackage.LLBeantestpackage">
        <test-method is-config="true" signature="setup()[pri:0, instance:testpackage.LLBeantestpackage@e4487af]" started-at="2026-01-15T18:45:17 IST" name="setup" finished-at="2026-01-15T18:45:39 IST" duration-ms="21400" status="PASS">
          <reporter-output>
          </reporter-output>
        </test-method> <!-- setup -->
        <test-method signature="testing()[pri:0, instance:testpackage.LLBeantestpackage@e4487af]" started-at="2026-01-15T18:45:39 IST" name="testing" finished-at="2026-01-15T18:46:18 IST" duration-ms="39236" status="PASS">
          <reporter-output>
          </reporter-output>
        </test-method> <!-- testing -->
      </class> <!-- testpackage.LLBeantestpackage -->
    </test> <!-- Default test -->
  </suite> <!-- Default suite -->
</testng-results>
